<?xml version="1.0" encoding="UTF-8"?>
<testng-results ignored="0" total="3" passed="3" failed="0" skipped="0">
  <reporter-output>
  </reporter-output>
  <suite started-at="2022-07-20T21:12:54 IST" name="Suite" finished-at="2022-07-20T21:12:54 IST" duration-ms="78">
    <groups>
    </groups>
    <test started-at="2022-07-20T21:12:54 IST" name="Test" finished-at="2022-07-20T21:12:54 IST" duration-ms="78">
      <class name="ListenersPractice.Listener">
        <test-method signature="one()[pri:0, instance:ListenersPractice.Listener@543588e6]" started-at="2022-07-20T21:12:54 IST" name="one" finished-at="2022-07-20T21:12:54 IST" duration-ms="13" status="PASS">
          <reporter-output>
          </reporter-output>
        </test-method> <!-- one -->
        <test-method signature="three()[pri:0, instance:ListenersPractice.Listener@543588e6]" started-at="2022-07-20T21:12:54 IST" name="three" finished-at="2022-07-20T21:12:54 IST" duration-ms="2" status="PASS">
          <reporter-output>
          </reporter-output>
        </test-method> <!-- three -->
        <test-method signature="two()[pri:0, instance:ListenersPractice.Listener@543588e6]" started-at="2022-07-20T21:12:54 IST" name="two" finished-at="2022-07-20T21:12:54 IST" duration-ms="1" status="PASS">
          <reporter-output>
          </reporter-output>
        </test-method> <!-- two -->
      </class> <!-- ListenersPractice.Listener -->
    </test> <!-- Test -->
  </suite> <!-- Suite -->
</testng-results>
