<?xml version="1.0" encoding="UTF-8"?>
<!-- Generated by org.testng.reporters.JUnitXMLReporter -->
<testsuite ignored="0" hostname="DESKTOP-6Q4RJ04" failures="0" tests="16" name="Modules" time="0.052" errors="0" timestamp="2022-07-17T19:00:44 IST">
  <testcase classname="TestNGPractice2.Second" name="HomeFeedCommentPost" time="0.001"/>
  <testcase classname="TestNGPractice2.Second" name="HomeFeedLikePost" time="0.001"/>
  <testcase classname="TestNGPractice2.Second" name="HomeFeedMoreMenu" time="0.001"/>
  <testcase classname="TestNGPractice2.Second" name="HomeFeedSearch" time="0.001"/>
  <testcase classname="TestNGPractice2.Third" name="FSFCreateListing" time="0.002"/>
  <testcase classname="TestNGPractice2.Third" name="FSFDeleteListing" time="0.002"/>
  <testcase classname="TestNGPractice2.Third" name="FSFSearch" time="0.001"/>
  <testcase classname="TestNGPractice2.Third" name="FSFSeeAll" time="0.002"/>
  <testcase classname="TestNGPractice2.Fourth" name="DiscoverCreateGroup" time="0.002"/>
  <testcase classname="TestNGPractice2.Fourth" name="DiscoverGroups" time="0.001"/>
  <testcase classname="TestNGPractice2.Fourth" name="DiscoverJoinGroup" time="0.001"/>
  <testcase classname="TestNGPractice2.Fourth" name="DiscoverNews" time="0.0"/>
  <testcase classname="TestNGPractice2.Fifth" name="NotificationsDelete" time="0.001"/>
  <testcase classname="TestNGPractice2.Fifth" name="NotificationsMute" time="0.001"/>
  <testcase classname="TestNGPractice2.Fifth" name="NotificationsReadirect" time="0.001"/>
  <testcase classname="TestNGPractice2.Fifth" name="NotificationsSwipe" time="0.001"/>
</testsuite> <!-- Modules -->
