<?xml version="1.0" encoding="UTF-8"?>
<!-- Generated by org.testng.reporters.JUnitXMLReporter -->
<testsuite ignored="2" hostname="DESKTOP-6Q4RJ04" failures="0" tests="2" name="Tabs" time="0.137" errors="0" timestamp="2022-07-20T18:39:55 IST">
  <testcase classname="TestNgPractice.First" name="NextdoorDiscover" time="0.019"/>
  <testcase classname="TestNgPractice.First" name="NextdoorNotifications" time="0.021"/>
  <testcase classname="TestNgPractice.First" name="NextdoorFSF" time="0.0">
    <ignored/>
  </testcase> <!-- NextdoorFSF -->
  <testcase classname="TestNgPractice.First" name="NextdoorHomefeed" time="0.0">
    <ignored/>
  </testcase> <!-- NextdoorHomefeed -->
</testsuite> <!-- Tabs -->
