<?xml version="1.0" encoding="UTF-8"?>
<!-- Generated by org.testng.reporters.JUnitXMLReporter -->
<testsuite ignored="0" hostname="DESKTOP-6Q4RJ04" failures="0" tests="3" name="Test" time="0.078" errors="0" timestamp="2022-07-20T21:12:55 IST">
  <testcase classname="ListenersPractice.Listener" name="one" time="0.013"/>
  <testcase classname="ListenersPractice.Listener" name="three" time="0.002"/>
  <testcase classname="ListenersPractice.Listener" name="two" time="0.001"/>
</testsuite> <!-- Test -->
